{"logTime": "0901/102428", "correlationVector":"SROq5rV2xmSMKEUQCdnqWP.0","action":"FeedSettingFetch_homeCloud", "result":"0", "context":{}}
{"logTime": "0901/102439", "correlationVector":"pQl/BguUctgv93NUUHgIsG.1","action":"SyncServerConnectionManagerRequest", "result":"SYNC_SERVER_OK", "context":{"environment":"48F630A6-CB1B-4CC7-86AF-0F6627234B58|106", "server":"SG2PEPF00000CA8"}}
{"logTime": "0901/102440", "correlationVector":"HhEM9LEKZlxbUsMu4zIE56.1","action":"SyncServerConnectionManagerRequest", "result":"SYNC_SERVER_OK", "context":{"environment":"48F630A6-CB1B-4CC7-86AF-0F6627234B58|106", "server":"SG2PEPF00000CA8"}}
{"logTime": "0901/102440", "correlationVector":"pQl/BguUctgv93NUUHgIsG","action":"Initial GetUpdates", "result":""}
{"logTime": "0901/102440", "correlationVector":"pQl/BguUctgv93NUUHgIsG.2","action":"GetUpdates Response", "result":"SERVER_MORE_TO_DOWNLOAD"}
{"logTime": "0901/102440", "correlationVector":"HhEM9LEKZlxbUsMu4zIE56","action":"Initial GetUpdates", "result":""}
{"logTime": "0901/102440", "correlationVector":"HhEM9LEKZlxbUsMu4zIE56.2","action":"GetUpdates Response", "result":"SYNCER_OK"}
{"logTime": "0901/102441", "correlationVector":"gsemgWDFlql/k1yihqlL4j","action":"SyncServerConnectionManagerRequest", "result":"SYNC_SERVER_OK", "context":{"environment":"", "server":""}}
{"logTime": "0901/102441", "correlationVector":"IPVYpCU4/Jly2gyc8Uv16J","action":"Initial GetUpdates", "result":""}
{"logTime": "0901/102449", "correlationVector":"IPVYpCU4/Jly2gyc8Uv16J.1","action":"SyncServerConnectionManagerRequest", "result":"SYNC_SERVER_OK", "context":{"environment":"48F630A6-CB1B-4CC7-86AF-0F6627234B58|106", "server":"SG2PEPF00000CA8"}}
{"logTime": "0901/102449", "correlationVector":"IPVYpCU4/Jly2gyc8Uv16J.2","action":"GetUpdates Response", "result":"SERVER_MORE_TO_DOWNLOAD"}
{"logTime": "0901/102449", "correlationVector":"aVQtBJFK/T8p/cx1CIP/U4","action":"Initial GetUpdates", "result":""}
{"logTime": "0901/102452", "correlationVector":"aVQtBJFK/T8p/cx1CIP/U4.1","action":"SyncServerConnectionManagerRequest", "result":"SYNC_SERVER_OK", "context":{"environment":"48F630A6-CB1B-4CC7-86AF-0F6627234B58|106", "server":"SG2PEPF00000CA8"}}
{"logTime": "0901/102452", "correlationVector":"aVQtBJFK/T8p/cx1CIP/U4.2","action":"GetUpdates Response", "result":"SERVER_MORE_TO_DOWNLOAD"}
{"logTime": "0901/102452", "correlationVector":"8GXji7j9UpTL4GzyX1sC7P","action":"Initial GetUpdates", "result":""}
{"logTime": "0901/102457", "correlationVector":"8GXji7j9UpTL4GzyX1sC7P.1","action":"SyncServerConnectionManagerRequest", "result":"SYNC_SERVER_OK", "context":{"environment":"48F630A6-CB1B-4CC7-86AF-0F6627234B58|106", "server":"SG2PEPF00000CA8"}}
{"logTime": "0901/102457", "correlationVector":"8GXji7j9UpTL4GzyX1sC7P.2","action":"GetUpdates Response", "result":"SERVER_MORE_TO_DOWNLOAD"}
{"logTime": "0901/102457", "correlationVector":"qizRH8v74UOXdtSzH4k/2j","action":"Initial GetUpdates", "result":""}
{"logTime": "0901/102459", "correlationVector":"qizRH8v74UOXdtSzH4k/2j.1","action":"SyncServerConnectionManagerRequest", "result":"SYNC_SERVER_OK", "context":{"environment":"48F630A6-CB1B-4CC7-86AF-0F6627234B58|106", "server":"SG2PEPF00000CA8"}}
{"logTime": "0901/102459", "correlationVector":"qizRH8v74UOXdtSzH4k/2j.2","action":"GetUpdates Response", "result":"SERVER_MORE_TO_DOWNLOAD"}
{"logTime": "0901/102459", "correlationVector":"sGqE7EaLJg5aknOuH5MpKL","action":"Initial GetUpdates", "result":""}
{"logTime": "0901/102501", "correlationVector":"sGqE7EaLJg5aknOuH5MpKL.1","action":"SyncServerConnectionManagerRequest", "result":"SYNC_SERVER_OK", "context":{"environment":"48F630A6-CB1B-4CC7-86AF-0F6627234B58|106", "server":"SG2PEPF00000CA8"}}
{"logTime": "0901/102501", "correlationVector":"sGqE7EaLJg5aknOuH5MpKL.2","action":"GetUpdates", "result":"DeleteReceived", "context":{"id":"400157c9-736c-45aa-a2d7-5d1b99ebfad2", "isDeleted:":"true", "version":"1656439152660"}}
{"logTime": "0901/102501", "correlationVector":"sGqE7EaLJg5aknOuH5MpKL.3","action":"GetUpdates Response", "result":"SYNCER_OK"}
{"logTime": "0901/102501", "correlationVector":"/zHdulfWD7uCiyKzrj4c46","action":"Normal GetUpdate request", "result":""}
{"logTime": "0901/102503", "correlationVector":"/zHdulfWD7uCiyKzrj4c46.1","action":"SyncServerConnectionManagerRequest", "result":"SYNC_SERVER_OK", "context":{"environment":"48F630A6-CB1B-4CC7-86AF-0F6627234B58|106", "server":"SG2PEPF00000CA8"}}
{"logTime": "0901/102503", "correlationVector":"/zHdulfWD7uCiyKzrj4c46.2","action":"GetUpdates Response", "result":"SYNCER_OK"}
{"logTime": "0901/102503", "correlationVector":"0YxFaqH1uVIFH+mQtUqON6","action":"Commit Request", "result":""}
{"logTime": "0901/102504", "correlationVector":"0YxFaqH1uVIFH+mQtUqON6.1","action":"SyncServerConnectionManagerRequest", "result":"SYNC_SERVER_OK", "context":{"environment":"48F630A6-CB1B-4CC7-86AF-0F6627234B58|106", "server":"SG2PEPF00000CA8"}}
{"logTime": "0901/102504", "correlationVector":"0YxFaqH1uVIFH+mQtUqON6.2","action":"Commit Response", "result":"SYNCER_OK"}
{"logTime": "0901/102504", "correlationVector":"3yxpbogpvsSrIRlLYLulXM","action":"Commit Request", "result":""}
{"logTime": "0901/102504", "correlationVector":"3yxpbogpvsSrIRlLYLulXM.1","action":"SyncServerConnectionManagerRequest", "result":"SYNC_SERVER_OK", "context":{"environment":"48F630A6-CB1B-4CC7-86AF-0F6627234B58|106", "server":"SG2PEPF00000CA8"}}
{"logTime": "0901/102504", "correlationVector":"3yxpbogpvsSrIRlLYLulXM.2","action":"Commit Response", "result":"SYNCER_OK"}
{"logTime": "0901/124134", "correlationVector":"cXL21LauThH4lghbnMuHGQ.0","action":"FeedSettingFetch_homeCloud", "result":"0", "context":{}}
{"logTime": "0901/124134", "correlationVector":"cXL21LauThH4lghbnMuHGQ.0","action":"SyncServerConnectionManagerRequest", "result":"SYNC_SERVER_OK", "context":{"environment":"", "server":""}}
{"logTime": "0901/124141", "correlationVector":"x3R2hz88Q0eiqxtkHJLA1l.1","action":"SyncServerConnectionManagerRequest", "result":"SYNC_SERVER_OK", "context":{"environment":"48F630A6-CB1B-4CC7-86AF-0F6627234B58|106", "server":"SG2PEPF00000C8B"}}
{"logTime": "0901/124142", "correlationVector":"Cjh3VJ5jFx1BBRVOu6Fx2Z.1","action":"SyncServerConnectionManagerRequest", "result":"SYNC_SERVER_OK", "context":{"environment":"48F630A6-CB1B-4CC7-86AF-0F6627234B58|106", "server":"SG2PEPF00000C8B"}}
{"logTime": "0901/124142", "correlationVector":"x3R2hz88Q0eiqxtkHJLA1l","action":"Initial GetUpdates", "result":""}
{"logTime": "0901/124142", "correlationVector":"x3R2hz88Q0eiqxtkHJLA1l.2","action":"GetUpdates Response", "result":"SERVER_MORE_TO_DOWNLOAD"}
{"logTime": "0901/124142", "correlationVector":"Cjh3VJ5jFx1BBRVOu6Fx2Z","action":"Initial GetUpdates", "result":""}
{"logTime": "0901/124142", "correlationVector":"Cjh3VJ5jFx1BBRVOu6Fx2Z.2","action":"GetUpdates Response", "result":"SYNCER_OK"}
{"logTime": "0901/124142", "correlationVector":"Q0dYTeZ0lV1+QRmrqjIVMo","action":"Normal GetUpdate request", "result":""}
{"logTime": "0901/124142", "correlationVector":"Q0dYTeZ0lV1+QRmrqjIVMo.1","action":"SyncServerConnectionManagerRequest", "result":"SYNC_SERVER_OK", "context":{"environment":"48F630A6-CB1B-4CC7-86AF-0F6627234B58|106", "server":"SG2PEPF00000C8B"}}
{"logTime": "0901/124142", "correlationVector":"Q0dYTeZ0lV1+QRmrqjIVMo.2","action":"GetUpdates Response", "result":"SYNCER_OK"}
{"logTime": "0901/163014", "correlationVector":"ITnBiq5dAGJf/lBZque0Y+.0","action":"FeedSettingFetch_homeCloud", "result":"0", "context":{}}
{"logTime": "0901/163021", "correlationVector":"wPGM197DvKpmWsq/a9Dwb8.1","action":"SyncServerConnectionManagerRequest", "result":"SYNC_SERVER_OK", "context":{"environment":"48F630A6-CB1B-4CC7-86AF-0F6627234B58|106", "server":"SG2PEPF00000CC2"}}
{"logTime": "0901/163023", "correlationVector":"iBUMcUAEzO+AP7lw7NHA4O.1","action":"SyncServerConnectionManagerRequest", "result":"SYNC_SERVER_OK", "context":{"environment":"48F630A6-CB1B-4CC7-86AF-0F6627234B58|106", "server":"SG2PEPF00000CC2"}}
{"logTime": "0901/163023", "correlationVector":"wPGM197DvKpmWsq/a9Dwb8","action":"Initial GetUpdates", "result":""}
{"logTime": "0901/163023", "correlationVector":"wPGM197DvKpmWsq/a9Dwb8.2","action":"GetUpdates Response", "result":"SERVER_MORE_TO_DOWNLOAD"}
{"logTime": "0901/163023", "correlationVector":"iBUMcUAEzO+AP7lw7NHA4O","action":"Initial GetUpdates", "result":""}
{"logTime": "0901/163023", "correlationVector":"iBUMcUAEzO+AP7lw7NHA4O.2","action":"GetUpdates Response", "result":"SYNCER_OK"}
{"logTime": "0901/163023", "correlationVector":"0/sFrDBkniAZzRDRfMFGc6","action":"SyncServerConnectionManagerRequest", "result":"SYNC_SERVER_OK", "context":{"environment":"", "server":""}}
{"logTime": "0901/163023", "correlationVector":"x7cx/5MDX/GAdqh89Z1OPJ","action":"Normal GetUpdate request", "result":""}
{"logTime": "0901/163023", "correlationVector":"x7cx/5MDX/GAdqh89Z1OPJ.1","action":"SyncServerConnectionManagerRequest", "result":"SYNC_SERVER_OK", "context":{"environment":"48F630A6-CB1B-4CC7-86AF-0F6627234B58|106", "server":"SG2PEPF00000CC2"}}
{"logTime": "0901/163023", "correlationVector":"x7cx/5MDX/GAdqh89Z1OPJ.2","action":"GetUpdates Response", "result":"SYNCER_OK"}
{"logTime": "0901/163023", "correlationVector":"BMHkypLP5x6ETPBLMyQcqs","action":"Normal GetUpdate request", "result":""}
{"logTime": "0901/163024", "correlationVector":"BMHkypLP5x6ETPBLMyQcqs.1","action":"SyncServerConnectionManagerRequest", "result":"SYNC_SERVER_OK", "context":{"environment":"48F630A6-CB1B-4CC7-86AF-0F6627234B58|106", "server":"SG2PEPF00000CC2"}}
{"logTime": "0901/163024", "correlationVector":"BMHkypLP5x6ETPBLMyQcqs.2","action":"GetUpdates Response", "result":"SYNCER_OK"}
{"logTime": "0901/170936", "correlationVector":"NX86YxqGVtLI9Hst56j6Pb.0","action":"FeedSettingFetch_homeCloud", "result":"0", "context":{}}
{"logTime": "0901/170944", "correlationVector":"RE0UBCh/XNZAEjozKeb47x.1","action":"SyncServerConnectionManagerRequest", "result":"SYNC_SERVER_OK", "context":{"environment":"48F630A6-CB1B-4CC7-86AF-0F6627234B58|106", "server":"SG2PEPF00000C94"}}
{"logTime": "0901/170945", "correlationVector":"AWTHWL7VKOs4ltO9rSfDQQ.1","action":"SyncServerConnectionManagerRequest", "result":"SYNC_SERVER_OK", "context":{"environment":"48F630A6-CB1B-4CC7-86AF-0F6627234B58|106", "server":"SG2PEPF00000C94"}}
{"logTime": "0901/170945", "correlationVector":"RE0UBCh/XNZAEjozKeb47x","action":"Initial GetUpdates", "result":""}
{"logTime": "0901/170945", "correlationVector":"RE0UBCh/XNZAEjozKeb47x.2","action":"GetUpdates Response", "result":"SERVER_MORE_TO_DOWNLOAD"}
{"logTime": "0901/170945", "correlationVector":"AWTHWL7VKOs4ltO9rSfDQQ","action":"Initial GetUpdates", "result":""}
{"logTime": "0901/170945", "correlationVector":"AWTHWL7VKOs4ltO9rSfDQQ.2","action":"GetUpdates Response", "result":"SYNCER_OK"}
{"logTime": "0901/170945", "correlationVector":"Z/OjxpLxRBoQZae42WER3Y","action":"SyncServerConnectionManagerRequest", "result":"SYNC_SERVER_OK", "context":{"environment":"", "server":""}}
{"logTime": "0901/170945", "correlationVector":"7RilqGkj1QIAmqdbIr7cRK","action":"Normal GetUpdate request", "result":""}
{"logTime": "0901/170946", "correlationVector":"7RilqGkj1QIAmqdbIr7cRK.1","action":"SyncServerConnectionManagerRequest", "result":"SYNC_SERVER_OK", "context":{"environment":"48F630A6-CB1B-4CC7-86AF-0F6627234B58|106", "server":"SG2PEPF00000C94"}}
{"logTime": "0901/170946", "correlationVector":"7RilqGkj1QIAmqdbIr7cRK.2","action":"GetUpdates Response", "result":"SYNCER_OK"}
{"logTime": "0901/170946", "correlationVector":"0ZhqpDWZ6i0+UaerFQro8v","action":"Normal GetUpdate request", "result":""}
{"logTime": "0901/170946", "correlationVector":"0ZhqpDWZ6i0+UaerFQro8v.1","action":"SyncServerConnectionManagerRequest", "result":"SYNC_SERVER_OK", "context":{"environment":"48F630A6-CB1B-4CC7-86AF-0F6627234B58|106", "server":"SG2PEPF00000C94"}}
{"logTime": "0901/170946", "correlationVector":"0ZhqpDWZ6i0+UaerFQro8v.2","action":"GetUpdates Response", "result":"SYNCER_OK"}
{"logTime": "0901/182501", "correlationVector":"1soUbbdMmMP9Ax2Jp/wzve","action":"Poll GetUpdate request", "result":""}
{"logTime": "0901/182502", "correlationVector":"1soUbbdMmMP9Ax2Jp/wzve.1","action":"SyncServerConnectionManagerRequest", "result":"SYNC_SERVER_OK", "context":{"environment":"48F630A6-CB1B-4CC7-86AF-0F6627234B58|106", "server":"SG2PEPF00000C97"}}
{"logTime": "0901/182502", "correlationVector":"1soUbbdMmMP9Ax2Jp/wzve.2","action":"GetUpdates Response", "result":"SYNCER_OK"}
{"logTime": "0906/120259", "correlationVector":"prQG0V0YHNvIZkRRzimFyg.0","action":"FeedSettingFetch_homeCloud", "result":"0", "context":{}}
{"logTime": "0906/120300", "correlationVector":"10+Dq+qliV8ljcmwKK7q30.1","action":"SyncServerConnectionManagerRequest", "result":"SYNC_SERVER_OK", "context":{"environment":"Prod_EastAsia", "server":"GENERAL01000026"}}
{"logTime": "0906/120300", "correlationVector":"10+Dq+qliV8ljcmwKK7q30","action":"Initial GetUpdates", "result":""}
{"logTime": "0906/120300", "correlationVector":"10+Dq+qliV8ljcmwKK7q30.2","action":"GetUpdates Response", "result":"SYNCER_OK"}
{"logTime": "0906/120300", "correlationVector":"ErxnZuTi0BUxBXMCi3fkyq","action":"SyncServerConnectionManagerRequest", "result":"SYNC_SERVER_OK", "context":{"environment":"", "server":""}}
{"logTime": "0906/120300", "correlationVector":"h/ihgqgxg0qkIQVqgf7ZbN","action":"Normal GetUpdate request", "result":""}
{"logTime": "0906/120301", "correlationVector":"h/ihgqgxg0qkIQVqgf7ZbN.1","action":"SyncServerConnectionManagerRequest", "result":"SYNC_SERVER_OK", "context":{"environment":"Prod_EastAsia", "server":"GENERAL0100000Y"}}
{"logTime": "0906/120301", "correlationVector":"h/ihgqgxg0qkIQVqgf7ZbN.2","action":"GetUpdates Response", "result":"SYNCER_OK"}
{"logTime": "0906/120301", "correlationVector":"NPKMYM3qH3ieUvmTCp8wZd","action":"Commit Request", "result":""}
{"logTime": "0906/120302", "correlationVector":"NPKMYM3qH3ieUvmTCp8wZd.1","action":"SyncServerConnectionManagerRequest", "result":"SYNC_SERVER_OK", "context":{"environment":"Prod_EastAsia", "server":"GENERAL0100001T"}}
{"logTime": "0906/120302", "correlationVector":"NPKMYM3qH3ieUvmTCp8wZd.2","action":"Commit Response", "result":"SYNCER_OK"}
{"logTime": "0906/120302", "correlationVector":"JuMreEjjpaEH/bj8FSylYj","action":"SyncServerConnectionManagerRequest", "result":"SYNC_SERVER_OK", "context":{"environment":"", "server":""}}
{"logTime": "0906/120302", "correlationVector":"KIX+LKYIj4BLR8RizA54aB","action":"Normal GetUpdate request", "result":""}
{"logTime": "0906/120302", "correlationVector":"KIX+LKYIj4BLR8RizA54aB.1","action":"SyncServerConnectionManagerRequest", "result":"SYNC_SERVER_OK", "context":{"environment":"Prod_EastAsia", "server":"GENERAL0100000P"}}
{"logTime": "0906/120302", "correlationVector":"KIX+LKYIj4BLR8RizA54aB.2","action":"GetUpdates Response", "result":"SYNCER_OK"}
{"logTime": "0906/120521", "correlationVector":"5fUCnIR0w4a/c6TQpAFQMw.0","action":"FeedSettingFetch_homeCloud", "result":"0", "context":{}}
{"logTime": "0906/120521", "correlationVector":"7Q9hdC3wg9PUZ2BX5Fimc1.1","action":"SyncServerConnectionManagerRequest", "result":"SYNC_SERVER_OK", "context":{"environment":"Prod_EastAsia", "server":"general01000020"}}
{"logTime": "0906/120521", "correlationVector":"7Q9hdC3wg9PUZ2BX5Fimc1","action":"Initial GetUpdates", "result":""}
{"logTime": "0906/120521", "correlationVector":"7Q9hdC3wg9PUZ2BX5Fimc1.2","action":"GetUpdates Response", "result":"SYNCER_OK"}
{"logTime": "0906/120521", "correlationVector":"Obx1bsAx/GBsuclVn+A4LW","action":"SyncServerConnectionManagerRequest", "result":"SYNC_SERVER_OK", "context":{"environment":"", "server":""}}
{"logTime": "0906/120521", "correlationVector":"ZKM0BqjwvoH4uaSOmMp5gr","action":"Normal GetUpdate request", "result":""}
{"logTime": "0906/120521", "correlationVector":"ZKM0BqjwvoH4uaSOmMp5gr.1","action":"SyncServerConnectionManagerRequest", "result":"SYNC_SERVER_OK", "context":{"environment":"Prod_EastAsia", "server":"GENERAL0100000V"}}
{"logTime": "0906/120521", "correlationVector":"ZKM0BqjwvoH4uaSOmMp5gr.2","action":"GetUpdates Response", "result":"SYNCER_OK"}
{"logTime": "0906/120521", "correlationVector":"Pyw3e6slp97x4oibGc1zYV","action":"Normal GetUpdate request", "result":""}
{"logTime": "0906/120521", "correlationVector":"Pyw3e6slp97x4oibGc1zYV.1","action":"SyncServerConnectionManagerRequest", "result":"SYNC_SERVER_OK", "context":{"environment":"Prod_EastAsia", "server":"GENERAL0100001A"}}
{"logTime": "0906/120521", "correlationVector":"Pyw3e6slp97x4oibGc1zYV.2","action":"GetUpdates Response", "result":"SYNCER_OK"}
{"logTime": "0906/120523", "correlationVector":"nLEY8z78oxj755I9Z/3xsV","action":"SyncServerConnectionManagerRequest", "result":"SYNC_SERVER_OK", "context":{"environment":"", "server":""}}
{"logTime": "0906/120523", "correlationVector":"D6V3A+XjYBAgIvnPAMaJJd","action":"Normal GetUpdate request", "result":""}
{"logTime": "0906/120523", "correlationVector":"D6V3A+XjYBAgIvnPAMaJJd.1","action":"SyncServerConnectionManagerRequest", "result":"SYNC_SERVER_OK", "context":{"environment":"Prod_EastAsia", "server":"general01000020"}}
{"logTime": "0906/120523", "correlationVector":"D6V3A+XjYBAgIvnPAMaJJd.2","action":"GetUpdates Response", "result":"SYNCER_OK"}
{"logTime": "0906/120717", "correlationVector":"dHdNkC/VEe4D3u+4hNOruX","action":"Poll GetUpdate request", "result":""}
{"logTime": "0906/120717", "correlationVector":"dHdNkC/VEe4D3u+4hNOruX.1","action":"SyncServerConnectionManagerRequest", "result":"SYNC_SERVER_OK", "context":{"environment":"Prod_EastAsia", "server":"general01000005"}}
{"logTime": "0906/120717", "correlationVector":"dHdNkC/VEe4D3u+4hNOruX.2","action":"GetUpdates Response", "result":"SYNCER_OK"}
{"logTime": "0911/155810", "correlationVector":"ig+w3ITpHGg2H+QVTZScs5.0","action":"FeedSettingFetch_homeCloud", "result":"0", "context":{}}
{"logTime": "0911/155810", "correlationVector":"tDXWI5h6CyFwwUW9sER6E+.1","action":"SyncServerConnectionManagerRequest", "result":"SYNC_SERVER_OK", "context":{"environment":"Prod_EastAsia", "server":"GENERAL0100001Y"}}
{"logTime": "0911/155810", "correlationVector":"tDXWI5h6CyFwwUW9sER6E+","action":"Initial GetUpdates", "result":"", "context":Reason: NEW_CLIENT. cV=tDXWI5h6CyFwwUW9sER6E+}
{"logTime": "0911/155810", "correlationVector":"tDXWI5h6CyFwwUW9sER6E+.2","action":"GetUpdates Response", "result":"SYNCER_OK", "context":Received 1 update(s). cV=tDXWI5h6CyFwwUW9sER6E+.0;server=GENERAL0100001Y;cloudType=Consumer;environment=Prod_EastAsia}
{"logTime": "0911/155810", "correlationVector":"T9kHYsJuC5BV0mtwYTMzDR","action":"SyncServerConnectionManagerRequest", "result":"SYNC_SERVER_OK", "context":{"environment":"", "server":""}}
{"logTime": "0911/155810", "correlationVector":"cKu60EM+MIBXYpjfj+/26W","action":"Normal GetUpdate request", "result":"", "context":cV=cKu60EM+MIBXYpjfj+/26W
Nudged types: Device Info
Refresh requested types: Device Info, User Consents, Send Tab To Self, Encryption Keys}
{"logTime": "0911/155810", "correlationVector":"cKu60EM+MIBXYpjfj+/26W.1","action":"SyncServerConnectionManagerRequest", "result":"SYNC_SERVER_OK", "context":{"environment":"Prod_EastAsia", "server":"GENERAL0100001Y"}}
{"logTime": "0911/155810", "correlationVector":"cKu60EM+MIBXYpjfj+/26W.2","action":"GetUpdates Response", "result":"SYNCER_OK", "context":Received 3 update(s). cV=cKu60EM+MIBXYpjfj+/26W.0;server=GENERAL0100001Y;cloudType=Consumer;environment=Prod_EastAsia}
{"logTime": "0911/155810", "correlationVector":"wYzpfpp//JI1KICB3/xrcp","action":"Commit Request", "result":"", "context":Item count: 1
Contributing types: Device Info}
{"logTime": "0911/155810", "correlationVector":"wYzpfpp//JI1KICB3/xrcp.1","action":"SyncServerConnectionManagerRequest", "result":"SYNC_SERVER_OK", "context":{"environment":"Prod_EastAsia", "server":"GENERAL01000009"}}
{"logTime": "0911/155810", "correlationVector":"wYzpfpp//JI1KICB3/xrcp.2","action":"Commit Response", "result":"SYNCER_OK", "context":Result: SYNCER_OK. cV=wYzpfpp//JI1KICB3/xrcp.0;server=GENERAL01000009;cloudType=Consumer;environment=Prod_EastAsia}
{"logTime": "0911/155810", "correlationVector":"83jiIuyOmnuCkSzCgBuNLK","action":"Normal GetUpdate request", "result":"", "context":cV=83jiIuyOmnuCkSzCgBuNLK
Nudged types: Device Info
Refresh requested types: Device Info, User Consents, Send Tab To Self, Encryption Keys}
{"logTime": "0911/155810", "correlationVector":"83jiIuyOmnuCkSzCgBuNLK.1","action":"SyncServerConnectionManagerRequest", "result":"SYNC_SERVER_OK", "context":{"environment":"Prod_EastAsia", "server":"GENERAL0100001Y"}}
{"logTime": "0911/155810", "correlationVector":"83jiIuyOmnuCkSzCgBuNLK.2","action":"GetUpdates Response", "result":"SYNCER_OK", "context":Received 1 update(s). cV=83jiIuyOmnuCkSzCgBuNLK.0;server=GENERAL0100001Y;cloudType=Consumer;environment=Prod_EastAsia}
{"logTime": "0911/155811", "correlationVector":"iW5QbcRR6tv2XMp6dEC0gt","action":"SyncServerConnectionManagerRequest", "result":"SYNC_SERVER_OK", "context":{"environment":"", "server":""}}
{"logTime": "0911/155811", "correlationVector":"4WU8C449j0rSM1LWzZ6cWm","action":"Normal GetUpdate request", "result":"", "context":cV=4WU8C449j0rSM1LWzZ6cWm
Notified types: Encryption Keys}
{"logTime": "0911/155811", "correlationVector":"4WU8C449j0rSM1LWzZ6cWm.1","action":"SyncServerConnectionManagerRequest", "result":"SYNC_SERVER_OK", "context":{"environment":"Prod_EastAsia", "server":"GENERAL01000002"}}
{"logTime": "0911/155811", "correlationVector":"4WU8C449j0rSM1LWzZ6cWm.2","action":"GetUpdates Response", "result":"SYNCER_OK", "context":Received 0 update(s). cV=4WU8C449j0rSM1LWzZ6cWm.0;server=GENERAL01000002;cloudType=Consumer;environment=Prod_EastAsia}
{"logTime": "0911/160247", "correlationVector":"73YqX9uEzzSEuCRZ7oXLC1","action":"Poll GetUpdate request", "result":"", "context":cV=73YqX9uEzzSEuCRZ7oXLC1}
{"logTime": "0911/160247", "correlationVector":"73YqX9uEzzSEuCRZ7oXLC1.1","action":"SyncServerConnectionManagerRequest", "result":"SYNC_SERVER_OK", "context":{"environment":"Prod_EastAsia", "server":"GENERAL0100001H"}}
{"logTime": "0911/160247", "correlationVector":"73YqX9uEzzSEuCRZ7oXLC1.2","action":"GetUpdates Response", "result":"SYNCER_OK", "context":Received 0 update(s). cV=73YqX9uEzzSEuCRZ7oXLC1.0;server=GENERAL0100001H;cloudType=Consumer;environment=Prod_EastAsia}
{"logTime": "0913/133741", "correlationVector":"rI5mEfm6x3cofid65jbMer.0","action":"FeedSettingFetch_homeCloud", "result":"0", "context":{}}
{"logTime": "0913/133741", "correlationVector":"YiJyIO/1vllYsh+mPJxExS.1","action":"SyncServerConnectionManagerRequest", "result":"SYNC_SERVER_OK", "context":{"environment":"Prod_EastAsia", "server":"GENERAL0100000F"}}
{"logTime": "0913/133741", "correlationVector":"YiJyIO/1vllYsh+mPJxExS","action":"Initial GetUpdates", "result":"", "context":Reason: NEW_CLIENT. cV=YiJyIO/1vllYsh+mPJxExS}
{"logTime": "0913/133741", "correlationVector":"YiJyIO/1vllYsh+mPJxExS.2","action":"GetUpdates Response", "result":"SYNCER_OK", "context":Received 1 update(s). cV=YiJyIO/1vllYsh+mPJxExS.0;server=GENERAL0100000F;cloudType=Consumer;environment=Prod_EastAsia}
{"logTime": "0913/133741", "correlationVector":"7lbaotYEIixt2PLDC5DlDl","action":"SyncServerConnectionManagerRequest", "result":"SYNC_SERVER_OK", "context":{"environment":"", "server":""}}
{"logTime": "0913/133741", "correlationVector":"TJyP9CYotRzX3lonXPgnSz","action":"Normal GetUpdate request", "result":"", "context":cV=TJyP9CYotRzX3lonXPgnSz
Nudged types: Device Info
Refresh requested types: Device Info, User Consents, Send Tab To Self, Encryption Keys}
{"logTime": "0913/133741", "correlationVector":"TJyP9CYotRzX3lonXPgnSz.1","action":"SyncServerConnectionManagerRequest", "result":"SYNC_SERVER_OK", "context":{"environment":"Prod_EastAsia", "server":"GENERAL0100000G"}}
{"logTime": "0913/133741", "correlationVector":"TJyP9CYotRzX3lonXPgnSz.2","action":"GetUpdates Response", "result":"SYNCER_OK", "context":Received 2 update(s). cV=TJyP9CYotRzX3lonXPgnSz.0;server=GENERAL0100000G;cloudType=Consumer;environment=Prod_EastAsia}
{"logTime": "0913/133741", "correlationVector":"hO0t13tvSJ2gbO1Hm5XXBr","action":"Commit Request", "result":"", "context":Item count: 1
Contributing types: Device Info}
{"logTime": "0913/133741", "correlationVector":"hO0t13tvSJ2gbO1Hm5XXBr.1","action":"SyncServerConnectionManagerRequest", "result":"SYNC_SERVER_OK", "context":{"environment":"Prod_EastAsia", "server":"GENERAL0100001C"}}
{"logTime": "0913/133741", "correlationVector":"hO0t13tvSJ2gbO1Hm5XXBr.2","action":"Commit Response", "result":"SYNCER_OK", "context":Result: SYNCER_OK. cV=hO0t13tvSJ2gbO1Hm5XXBr.0;server=GENERAL0100001C;cloudType=Consumer;environment=Prod_EastAsia}
{"logTime": "0913/133741", "correlationVector":"XrOc0xW50eKzshJR/6vBSr","action":"Normal GetUpdate request", "result":"", "context":cV=XrOc0xW50eKzshJR/6vBSr
Nudged types: Device Info
Refresh requested types: Device Info, User Consents, Send Tab To Self, Encryption Keys}
{"logTime": "0913/133741", "correlationVector":"XrOc0xW50eKzshJR/6vBSr.1","action":"SyncServerConnectionManagerRequest", "result":"SYNC_SERVER_OK", "context":{"environment":"Prod_EastAsia", "server":"general01000000"}}
{"logTime": "0913/133741", "correlationVector":"XrOc0xW50eKzshJR/6vBSr.2","action":"GetUpdates Response", "result":"SYNCER_OK", "context":Received 1 update(s). cV=XrOc0xW50eKzshJR/6vBSr.0;server=general01000000;cloudType=Consumer;environment=Prod_EastAsia}
{"logTime": "0913/133742", "correlationVector":"WYoTY9t9sO1VFX4Sqo3b+I","action":"SyncServerConnectionManagerRequest", "result":"SYNC_SERVER_OK", "context":{"environment":"", "server":""}}
{"logTime": "0913/133742", "correlationVector":"qQh6CUArtwFcehkJAn3dRu","action":"Normal GetUpdate request", "result":"", "context":cV=qQh6CUArtwFcehkJAn3dRu
Notified types: Encryption Keys}
{"logTime": "0913/133742", "correlationVector":"qQh6CUArtwFcehkJAn3dRu.1","action":"SyncServerConnectionManagerRequest", "result":"SYNC_SERVER_OK", "context":{"environment":"Prod_EastAsia", "server":"GENERAL01000009"}}
{"logTime": "0913/133742", "correlationVector":"qQh6CUArtwFcehkJAn3dRu.2","action":"GetUpdates Response", "result":"SYNCER_OK", "context":Received 0 update(s). cV=qQh6CUArtwFcehkJAn3dRu.0;server=GENERAL01000009;cloudType=Consumer;environment=Prod_EastAsia}
{"logTime": "0913/134057", "correlationVector":"HO0vf5PuME+3q+cN2MvQGV","action":"Poll GetUpdate request", "result":"", "context":cV=HO0vf5PuME+3q+cN2MvQGV}
{"logTime": "0913/134057", "correlationVector":"HO0vf5PuME+3q+cN2MvQGV.1","action":"SyncServerConnectionManagerRequest", "result":"SYNC_SERVER_OK", "context":{"environment":"Prod_EastAsia", "server":"GENERAL0100000F"}}
{"logTime": "0913/134057", "correlationVector":"HO0vf5PuME+3q+cN2MvQGV.2","action":"GetUpdates Response", "result":"SYNCER_OK", "context":Received 0 update(s). cV=HO0vf5PuME+3q+cN2MvQGV.0;server=GENERAL0100000F;cloudType=Consumer;environment=Prod_EastAsia}
{"logTime": "0914/110325", "correlationVector":"1LhDmaf5ZNYcj62/eSpsKd.0","action":"FeedSettingFetch_homeCloud", "result":"0", "context":{}}
{"logTime": "0914/110325", "correlationVector":"leT/re1kBgbWbky6eqLnbn.1","action":"SyncServerConnectionManagerRequest", "result":"SYNC_SERVER_OK", "context":{"environment":"Prod_EastAsia", "server":"GENERAL01000021"}}
{"logTime": "0914/110325", "correlationVector":"leT/re1kBgbWbky6eqLnbn","action":"Initial GetUpdates", "result":"", "context":Reason: NEW_CLIENT. cV=leT/re1kBgbWbky6eqLnbn}
{"logTime": "0914/110325", "correlationVector":"leT/re1kBgbWbky6eqLnbn.2","action":"GetUpdates Response", "result":"SYNCER_OK", "context":Received 1 update(s). cV=leT/re1kBgbWbky6eqLnbn.0;server=GENERAL01000021;cloudType=Consumer;environment=Prod_EastAsia}
{"logTime": "0914/110325", "correlationVector":"eyivL34MRRnI0d1ul8oCVX","action":"SyncServerConnectionManagerRequest", "result":"SYNC_SERVER_OK", "context":{"environment":"", "server":""}}
{"logTime": "0914/110325", "correlationVector":"fQ5bIDod2aUS9Ly9EaYI+N","action":"Normal GetUpdate request", "result":"", "context":cV=fQ5bIDod2aUS9Ly9EaYI+N
Refresh requested types: Device Info, User Consents, Send Tab To Self, Encryption Keys}
{"logTime": "0914/110325", "correlationVector":"fQ5bIDod2aUS9Ly9EaYI+N.1","action":"SyncServerConnectionManagerRequest", "result":"SYNC_SERVER_OK", "context":{"environment":"Prod_EastAsia", "server":"GENERAL0100001W"}}
{"logTime": "0914/110325", "correlationVector":"fQ5bIDod2aUS9Ly9EaYI+N.2","action":"GetUpdates Response", "result":"SYNCER_OK", "context":Received 2 update(s). cV=fQ5bIDod2aUS9Ly9EaYI+N.0;server=GENERAL0100001W;cloudType=Consumer;environment=Prod_EastAsia}
{"logTime": "0914/110325", "correlationVector":"qLioZCHDrpNTRyY2QZz4I2","action":"Normal GetUpdate request", "result":"", "context":cV=qLioZCHDrpNTRyY2QZz4I2
Refresh requested types: Device Info, User Consents, Send Tab To Self, Encryption Keys}
{"logTime": "0914/110325", "correlationVector":"qLioZCHDrpNTRyY2QZz4I2.1","action":"SyncServerConnectionManagerRequest", "result":"SYNC_SERVER_OK", "context":{"environment":"Prod_EastAsia", "server":"GENERAL01000007"}}
{"logTime": "0914/110325", "correlationVector":"qLioZCHDrpNTRyY2QZz4I2.2","action":"GetUpdates Response", "result":"SYNCER_OK", "context":Received 0 update(s). cV=qLioZCHDrpNTRyY2QZz4I2.0;server=GENERAL01000007;cloudType=Consumer;environment=Prod_EastAsia}
{"logTime": "0914/110325", "correlationVector":"2f+9JJJcdzhv3caKjnVI3h","action":"Poll GetUpdate request", "result":"", "context":cV=2f+9JJJcdzhv3caKjnVI3h}
{"logTime": "0914/110325", "correlationVector":"2f+9JJJcdzhv3caKjnVI3h.1","action":"SyncServerConnectionManagerRequest", "result":"SYNC_SERVER_OK", "context":{"environment":"Prod_EastAsia", "server":"GENERAL01000024"}}
{"logTime": "0914/110325", "correlationVector":"2f+9JJJcdzhv3caKjnVI3h.2","action":"GetUpdates Response", "result":"SYNCER_OK", "context":Received 0 update(s). cV=2f+9JJJcdzhv3caKjnVI3h.0;server=GENERAL01000024;cloudType=Consumer;environment=Prod_EastAsia}
{"logTime": "0914/110326", "correlationVector":"BACq7mHhUvA7N/I1R/dpdE","action":"SyncServerConnectionManagerRequest", "result":"SYNC_SERVER_OK", "context":{"environment":"", "server":""}}
{"logTime": "0914/110326", "correlationVector":"XSOgK23DccXyIOc4u8F+Ec","action":"Normal GetUpdate request", "result":"", "context":cV=XSOgK23DccXyIOc4u8F+Ec
Notified types: Encryption Keys}
{"logTime": "0914/110326", "correlationVector":"XSOgK23DccXyIOc4u8F+Ec.1","action":"SyncServerConnectionManagerRequest", "result":"SYNC_SERVER_OK", "context":{"environment":"Prod_EastAsia", "server":"GENERAL0100001P"}}
{"logTime": "0914/110326", "correlationVector":"XSOgK23DccXyIOc4u8F+Ec.2","action":"GetUpdates Response", "result":"SYNCER_OK", "context":Received 0 update(s). cV=XSOgK23DccXyIOc4u8F+Ec.0;server=GENERAL0100001P;cloudType=Consumer;environment=Prod_EastAsia}
{"logTime": "0919/174839", "correlationVector":"gNRY4X2wghgXT//4HRhRyg.0","action":"FeedSettingFetch_homeCloud", "result":"0", "context":{}}
{"logTime": "0919/174839", "correlationVector":"SLpdYpJ7SY2gBPRNgZg6I6.1","action":"SyncServerConnectionManagerRequest", "result":"SYNC_SERVER_OK", "context":{"environment":"Prod_EastAsia", "server":"GENERAL0100000R"}}
{"logTime": "0919/174839", "correlationVector":"SLpdYpJ7SY2gBPRNgZg6I6","action":"Initial GetUpdates", "result":"", "context":Reason: NEW_CLIENT. cV=SLpdYpJ7SY2gBPRNgZg6I6}
{"logTime": "0919/174839", "correlationVector":"SLpdYpJ7SY2gBPRNgZg6I6.2","action":"GetUpdates Response", "result":"SYNCER_OK", "context":Received 1 update(s). cV=SLpdYpJ7SY2gBPRNgZg6I6.0;server=GENERAL0100000R;cloudType=Consumer;environment=Prod_EastAsia}
{"logTime": "0919/174839", "correlationVector":"3PnMcMWhWVMX1cGnHawGLx","action":"SyncServerConnectionManagerRequest", "result":"SYNC_SERVER_OK", "context":{"environment":"", "server":""}}
{"logTime": "0919/174839", "correlationVector":"lZGfI7wOOGgpxS5fvDanYt","action":"Normal GetUpdate request", "result":"", "context":cV=lZGfI7wOOGgpxS5fvDanYt
Nudged types: Device Info
Refresh requested types: Device Info, User Consents, Send Tab To Self, Encryption Keys}
{"logTime": "0919/174839", "correlationVector":"lZGfI7wOOGgpxS5fvDanYt.1","action":"SyncServerConnectionManagerRequest", "result":"SYNC_SERVER_OK", "context":{"environment":"Prod_EastAsia", "server":"GENERAL01000004"}}
{"logTime": "0919/174839", "correlationVector":"lZGfI7wOOGgpxS5fvDanYt.2","action":"GetUpdates Response", "result":"SYNCER_OK", "context":Received 2 update(s). cV=lZGfI7wOOGgpxS5fvDanYt.0;server=GENERAL01000004;cloudType=Consumer;environment=Prod_EastAsia}
{"logTime": "0919/174839", "correlationVector":"D2b6xsTUbntSveyImAuk3f","action":"Commit Request", "result":"", "context":Item count: 1
Contributing types: Device Info}
{"logTime": "0919/174839", "correlationVector":"D2b6xsTUbntSveyImAuk3f.1","action":"SyncServerConnectionManagerRequest", "result":"SYNC_SERVER_OK", "context":{"environment":"Prod_EastAsia", "server":"GENERAL0100000D"}}
{"logTime": "0919/174839", "correlationVector":"D2b6xsTUbntSveyImAuk3f.2","action":"Commit Response", "result":"SYNCER_OK", "context":Result: SYNCER_OK. cV=D2b6xsTUbntSveyImAuk3f.0;server=GENERAL0100000D;cloudType=Consumer;environment=Prod_EastAsia}
{"logTime": "0919/174839", "correlationVector":"BYM9YJVYNoZcyfjoaltydX","action":"Normal GetUpdate request", "result":"", "context":cV=BYM9YJVYNoZcyfjoaltydX
Nudged types: Device Info
Refresh requested types: Device Info, User Consents, Send Tab To Self, Encryption Keys}
{"logTime": "0919/174839", "correlationVector":"BYM9YJVYNoZcyfjoaltydX.1","action":"SyncServerConnectionManagerRequest", "result":"SYNC_SERVER_OK", "context":{"environment":"Prod_EastAsia", "server":"GENERAL01000009"}}
{"logTime": "0919/174839", "correlationVector":"BYM9YJVYNoZcyfjoaltydX.2","action":"GetUpdates Response", "result":"SYNCER_OK", "context":Received 1 update(s). cV=BYM9YJVYNoZcyfjoaltydX.0;server=GENERAL01000009;cloudType=Consumer;environment=Prod_EastAsia}
{"logTime": "0919/174839", "correlationVector":"O7hMdsyZtivSLEvf0xjzkm","action":"Normal GetUpdate request", "result":"", "context":cV=O7hMdsyZtivSLEvf0xjzkm
Notified types: Device Info}
{"logTime": "0919/174840", "correlationVector":"O7hMdsyZtivSLEvf0xjzkm.1","action":"SyncServerConnectionManagerRequest", "result":"SYNC_SERVER_OK", "context":{"environment":"Prod_EastAsia", "server":"GENERAL01000002"}}
{"logTime": "0919/174840", "correlationVector":"O7hMdsyZtivSLEvf0xjzkm.2","action":"GetUpdates Response", "result":"SYNCER_OK", "context":Received 0 update(s). cV=O7hMdsyZtivSLEvf0xjzkm.0;server=GENERAL01000002;cloudType=Consumer;environment=Prod_EastAsia}
{"logTime": "0919/175139", "correlationVector":"nqiUtVoTuql1iCzEiXLIZP","action":"Poll GetUpdate request", "result":"", "context":cV=nqiUtVoTuql1iCzEiXLIZP}
{"logTime": "0919/175139", "correlationVector":"nqiUtVoTuql1iCzEiXLIZP.1","action":"SyncServerConnectionManagerRequest", "result":"SYNC_SERVER_OK", "context":{"environment":"Prod_EastAsia", "server":"GENERAL01000024"}}
{"logTime": "0919/175139", "correlationVector":"nqiUtVoTuql1iCzEiXLIZP.2","action":"GetUpdates Response", "result":"SYNCER_OK", "context":Received 0 update(s). cV=nqiUtVoTuql1iCzEiXLIZP.0;server=GENERAL01000024;cloudType=Consumer;environment=Prod_EastAsia}
{"logTime": "0920/113838", "correlationVector":"qR5MFCyfRA/Atm2PCc87QY.0","action":"FeedSettingFetch_homeCloud", "result":"0", "context":{}}
{"logTime": "0920/113838", "correlationVector":"MD+O2ECw/9LF70KqV1oQrc.1","action":"SyncServerConnectionManagerRequest", "result":"SYNC_SERVER_OK", "context":{"environment":"Prod_EastAsia", "server":"GENERAL01000015"}}
{"logTime": "0920/113838", "correlationVector":"MD+O2ECw/9LF70KqV1oQrc","action":"Initial GetUpdates", "result":"", "context":Reason: NEW_CLIENT. cV=MD+O2ECw/9LF70KqV1oQrc}
{"logTime": "0920/113838", "correlationVector":"MD+O2ECw/9LF70KqV1oQrc.2","action":"GetUpdates Response", "result":"SYNCER_OK", "context":Received 1 update(s). cV=MD+O2ECw/9LF70KqV1oQrc.0;server=GENERAL01000015;cloudType=Consumer;environment=Prod_EastAsia}
{"logTime": "0920/113838", "correlationVector":"dD3nxOwDhWgSmaLB22ofq+","action":"SyncServerConnectionManagerRequest", "result":"SYNC_SERVER_OK", "context":{"environment":"", "server":""}}
{"logTime": "0920/113838", "correlationVector":"pOJ2EW6xRr7Zog+PSS6Ysy","action":"Normal GetUpdate request", "result":"", "context":cV=pOJ2EW6xRr7Zog+PSS6Ysy
Refresh requested types: Device Info, User Consents, Send Tab To Self, Encryption Keys}
{"logTime": "0920/113838", "correlationVector":"pOJ2EW6xRr7Zog+PSS6Ysy.1","action":"SyncServerConnectionManagerRequest", "result":"SYNC_SERVER_OK", "context":{"environment":"Prod_EastAsia", "server":"GENERAL0100000D"}}
{"logTime": "0920/113838", "correlationVector":"pOJ2EW6xRr7Zog+PSS6Ysy.2","action":"GetUpdates Response", "result":"SYNCER_OK", "context":Received 1 update(s). cV=pOJ2EW6xRr7Zog+PSS6Ysy.0;server=GENERAL0100000D;cloudType=Consumer;environment=Prod_EastAsia}
{"logTime": "0920/113838", "correlationVector":"bmZWu3J4dHxs5PVqb5v1BR","action":"Normal GetUpdate request", "result":"", "context":cV=bmZWu3J4dHxs5PVqb5v1BR
Refresh requested types: Device Info, User Consents, Send Tab To Self, Encryption Keys}
{"logTime": "0920/113838", "correlationVector":"bmZWu3J4dHxs5PVqb5v1BR.1","action":"SyncServerConnectionManagerRequest", "result":"SYNC_SERVER_OK", "context":{"environment":"Prod_EastAsia", "server":"GENERAL01000016"}}
{"logTime": "0920/113838", "correlationVector":"bmZWu3J4dHxs5PVqb5v1BR.2","action":"GetUpdates Response", "result":"SYNCER_OK", "context":Received 0 update(s). cV=bmZWu3J4dHxs5PVqb5v1BR.0;server=GENERAL01000016;cloudType=Consumer;environment=Prod_EastAsia}
{"logTime": "0920/113839", "correlationVector":"V12yWJsqmoEl/uoNsTh8d5","action":"Normal GetUpdate request", "result":"", "context":cV=V12yWJsqmoEl/uoNsTh8d5
Notified types: Device Info}
{"logTime": "0920/113839", "correlationVector":"V12yWJsqmoEl/uoNsTh8d5.1","action":"SyncServerConnectionManagerRequest", "result":"SYNC_SERVER_OK", "context":{"environment":"Prod_EastAsia", "server":"GENERAL0100001L"}}
{"logTime": "0920/113839", "correlationVector":"V12yWJsqmoEl/uoNsTh8d5.2","action":"GetUpdates Response", "result":"SYNCER_OK", "context":Received 0 update(s). cV=V12yWJsqmoEl/uoNsTh8d5.0;server=GENERAL0100001L;cloudType=Consumer;environment=Prod_EastAsia}
{"logTime": "0920/114139", "correlationVector":"3BUJwy4ZxfGUpV7Kreej1u","action":"Poll GetUpdate request", "result":"", "context":cV=3BUJwy4ZxfGUpV7Kreej1u}
{"logTime": "0920/114140", "correlationVector":"3BUJwy4ZxfGUpV7Kreej1u.1","action":"SyncServerConnectionManagerRequest", "result":"SYNC_SERVER_OK", "context":{"environment":"Prod_EastAsia", "server":"GENERAL0100001E"}}
{"logTime": "0920/114140", "correlationVector":"3BUJwy4ZxfGUpV7Kreej1u.2","action":"GetUpdates Response", "result":"SYNCER_OK", "context":Received 0 update(s). cV=3BUJwy4ZxfGUpV7Kreej1u.0;server=GENERAL0100001E;cloudType=Consumer;environment=Prod_EastAsia}
{"logTime": "0926/082723", "correlationVector":"7XXgLiApi5K5AVBm2uWAPR.0","action":"FeedSettingFetch_homeCloud", "result":"0", "context":{}}
{"logTime": "0926/082723", "correlationVector":"O3xiGRy3DQ10LopLNR4IT8.1","action":"SyncServerConnectionManagerRequest", "result":"SYNC_SERVER_OK", "context":{"environment":"Prod_EastAsia", "server":"GENERAL01000010"}}
{"logTime": "0926/082723", "correlationVector":"O3xiGRy3DQ10LopLNR4IT8","action":"Initial GetUpdates", "result":"", "context":Reason: NEW_CLIENT. cV=O3xiGRy3DQ10LopLNR4IT8}
{"logTime": "0926/082723", "correlationVector":"O3xiGRy3DQ10LopLNR4IT8.2","action":"GetUpdates Response", "result":"SYNCER_OK", "context":Received 1 update(s). cV=O3xiGRy3DQ10LopLNR4IT8.0;server=GENERAL01000010;cloudType=Consumer;environment=Prod_EastAsia}
{"logTime": "0926/082723", "correlationVector":"pXTSOU0Fei/3gFNNwNojF2","action":"SyncServerConnectionManagerRequest", "result":"SYNC_SERVER_OK", "context":{"environment":"", "server":""}}
{"logTime": "0926/082723", "correlationVector":"jF4pClISdly2S/XLdkySk0","action":"Normal GetUpdate request", "result":"", "context":cV=jF4pClISdly2S/XLdkySk0
Nudged types: Device Info
Refresh requested types: Device Info, User Consents, Send Tab To Self, Encryption Keys}
{"logTime": "0926/082723", "correlationVector":"jF4pClISdly2S/XLdkySk0.1","action":"SyncServerConnectionManagerRequest", "result":"SYNC_SERVER_OK", "context":{"environment":"Prod_EastAsia", "server":"GENERAL0100000H"}}
{"logTime": "0926/082723", "correlationVector":"jF4pClISdly2S/XLdkySk0.2","action":"GetUpdates Response", "result":"SYNCER_OK", "context":Received 3 update(s). cV=jF4pClISdly2S/XLdkySk0.0;server=GENERAL0100000H;cloudType=Consumer;environment=Prod_EastAsia}
{"logTime": "0926/082723", "correlationVector":"tUWmMsv6jESMK41yVrJp57","action":"Commit Request", "result":"", "context":Item count: 1
Contributing types: Device Info}
{"logTime": "0926/082723", "correlationVector":"tUWmMsv6jESMK41yVrJp57.1","action":"SyncServerConnectionManagerRequest", "result":"SYNC_SERVER_OK", "context":{"environment":"Prod_EastAsia", "server":"GENERAL0100000D"}}
{"logTime": "0926/082723", "correlationVector":"tUWmMsv6jESMK41yVrJp57.2","action":"Commit Response", "result":"SYNCER_OK", "context":Result: SYNCER_OK. cV=tUWmMsv6jESMK41yVrJp57.0;server=GENERAL0100000D;cloudType=Consumer;environment=Prod_EastAsia}
{"logTime": "0926/082723", "correlationVector":"RTuhbAhe/Kqpu+A7dOHsfj","action":"Normal GetUpdate request", "result":"", "context":cV=RTuhbAhe/Kqpu+A7dOHsfj
Nudged types: Device Info
Refresh requested types: Device Info, User Consents, Send Tab To Self, Encryption Keys}
{"logTime": "0926/082723", "correlationVector":"RTuhbAhe/Kqpu+A7dOHsfj.1","action":"SyncServerConnectionManagerRequest", "result":"SYNC_SERVER_OK", "context":{"environment":"Prod_EastAsia", "server":"GENERAL0100000Y"}}
{"logTime": "0926/082723", "correlationVector":"RTuhbAhe/Kqpu+A7dOHsfj.2","action":"GetUpdates Response", "result":"SYNCER_OK", "context":Received 1 update(s). cV=RTuhbAhe/Kqpu+A7dOHsfj.0;server=GENERAL0100000Y;cloudType=Consumer;environment=Prod_EastAsia}
{"logTime": "0926/082724", "correlationVector":"vK5KnRpGiKphbpuhMG+mLb","action":"Normal GetUpdate request", "result":"", "context":cV=vK5KnRpGiKphbpuhMG+mLb
Notified types: Device Info}
{"logTime": "0926/082724", "correlationVector":"vK5KnRpGiKphbpuhMG+mLb.1","action":"SyncServerConnectionManagerRequest", "result":"SYNC_SERVER_OK", "context":{"environment":"Prod_EastAsia", "server":"general01000020"}}
{"logTime": "0926/082724", "correlationVector":"vK5KnRpGiKphbpuhMG+mLb.2","action":"GetUpdates Response", "result":"SYNCER_OK", "context":Received 0 update(s). cV=vK5KnRpGiKphbpuhMG+mLb.0;server=general01000020;cloudType=Consumer;environment=Prod_EastAsia}
{"logTime": "0926/082959", "correlationVector":"kIz9GTmeBBJXDvVDp8mWhE","action":"Poll GetUpdate request", "result":"", "context":cV=kIz9GTmeBBJXDvVDp8mWhE}
{"logTime": "0926/082959", "correlationVector":"kIz9GTmeBBJXDvVDp8mWhE.1","action":"SyncServerConnectionManagerRequest", "result":"SYNC_SERVER_OK", "context":{"environment":"Prod_EastAsia", "server":"general0100001S"}}
{"logTime": "0926/082959", "correlationVector":"kIz9GTmeBBJXDvVDp8mWhE.2","action":"GetUpdates Response", "result":"SYNCER_OK", "context":Received 0 update(s). cV=kIz9GTmeBBJXDvVDp8mWhE.0;server=general0100001S;cloudType=Consumer;environment=Prod_EastAsia}
{"logTime": "0926/083634", "correlationVector":"kTRXDzoGvPNZBeOb8Q0T+S.0","action":"FeedSettingFetch_homeCloud", "result":"0", "context":{}}
{"logTime": "0926/083634", "correlationVector":"bLTKYioNiPomzrwa6PNAtp.1","action":"SyncServerConnectionManagerRequest", "result":"SYNC_SERVER_OK", "context":{"environment":"Prod_EastAsia", "server":"GENERAL0100001V"}}
{"logTime": "0926/083634", "correlationVector":"bLTKYioNiPomzrwa6PNAtp","action":"Initial GetUpdates", "result":"", "context":Reason: NEW_CLIENT. cV=bLTKYioNiPomzrwa6PNAtp}
{"logTime": "0926/083634", "correlationVector":"bLTKYioNiPomzrwa6PNAtp.2","action":"GetUpdates Response", "result":"SYNCER_OK", "context":Received 1 update(s). cV=bLTKYioNiPomzrwa6PNAtp.0;server=GENERAL0100001V;cloudType=Consumer;environment=Prod_EastAsia}
{"logTime": "0926/083634", "correlationVector":"9jqBYAtVuIFWZho6E1aadu","action":"SyncServerConnectionManagerRequest", "result":"SYNC_SERVER_OK", "context":{"environment":"", "server":""}}
{"logTime": "0926/083634", "correlationVector":"Y1oTvpe2sKxuYwu9ts/Ada","action":"Normal GetUpdate request", "result":"", "context":cV=Y1oTvpe2sKxuYwu9ts/Ada
Refresh requested types: Device Info, User Consents, Send Tab To Self, Encryption Keys}
{"logTime": "0926/083634", "correlationVector":"Y1oTvpe2sKxuYwu9ts/Ada.1","action":"SyncServerConnectionManagerRequest", "result":"SYNC_SERVER_OK", "context":{"environment":"Prod_EastAsia", "server":"GENERAL0100001J"}}
{"logTime": "0926/083634", "correlationVector":"Y1oTvpe2sKxuYwu9ts/Ada.2","action":"GetUpdates Response", "result":"SYNCER_OK", "context":Received 0 update(s). cV=Y1oTvpe2sKxuYwu9ts/Ada.0;server=GENERAL0100001J;cloudType=Consumer;environment=Prod_EastAsia}
{"logTime": "0926/083634", "correlationVector":"v/ZavGxAPQEnfvfHUERpPc","action":"Normal GetUpdate request", "result":"", "context":cV=v/ZavGxAPQEnfvfHUERpPc
Refresh requested types: Device Info, User Consents, Send Tab To Self, Encryption Keys}
{"logTime": "0926/083634", "correlationVector":"v/ZavGxAPQEnfvfHUERpPc.1","action":"SyncServerConnectionManagerRequest", "result":"SYNC_SERVER_OK", "context":{"environment":"Prod_EastAsia", "server":"GENERAL01000024"}}
{"logTime": "0926/083634", "correlationVector":"v/ZavGxAPQEnfvfHUERpPc.2","action":"GetUpdates Response", "result":"SYNCER_OK", "context":Received 0 update(s). cV=v/ZavGxAPQEnfvfHUERpPc.0;server=GENERAL01000024;cloudType=Consumer;environment=Prod_EastAsia}
{"logTime": "0926/085638", "correlationVector":"MQO2PVUNoMmuT51dCJ9vaH","action":"Normal GetUpdate request", "result":"", "context":cV=MQO2PVUNoMmuT51dCJ9vaH
Notified types: Device Info}
{"logTime": "0926/085638", "correlationVector":"MQO2PVUNoMmuT51dCJ9vaH.1","action":"SyncServerConnectionManagerRequest", "result":"SYNC_SERVER_OK", "context":{"environment":"Prod_EastAsia", "server":"GENERAL01000006"}}
{"logTime": "0926/085638", "correlationVector":"MQO2PVUNoMmuT51dCJ9vaH.2","action":"GetUpdates Response", "result":"SYNCER_OK", "context":Received 1 update(s). cV=MQO2PVUNoMmuT51dCJ9vaH.0;server=GENERAL01000006;cloudType=Consumer;environment=Prod_EastAsia}
{"logTime": "0926/121358", "correlationVector":"ZJnkLZVX5MJcPb5yQRp1yy.0","action":"FeedSettingFetch_homeCloud", "result":"0", "context":{}}
{"logTime": "0926/121358", "correlationVector":"U6+3txThcD1Exu5NxchUND.1","action":"SyncServerConnectionManagerRequest", "result":"SYNC_SERVER_OK", "context":{"environment":"Prod_EastAsia", "server":"GENERAL0100001F"}}
{"logTime": "0926/121358", "correlationVector":"U6+3txThcD1Exu5NxchUND","action":"Initial GetUpdates", "result":"", "context":Reason: NEW_CLIENT. cV=U6+3txThcD1Exu5NxchUND}
{"logTime": "0926/121358", "correlationVector":"U6+3txThcD1Exu5NxchUND.2","action":"GetUpdates Response", "result":"SYNCER_OK", "context":Received 1 update(s). cV=U6+3txThcD1Exu5NxchUND.0;server=GENERAL0100001F;cloudType=Consumer;environment=Prod_EastAsia}
{"logTime": "0926/121358", "correlationVector":"A5XNnLqTaWE0Hs1A3x6eAQ","action":"SyncServerConnectionManagerRequest", "result":"SYNC_SERVER_OK", "context":{"environment":"", "server":""}}
{"logTime": "0926/121358", "correlationVector":"wzDgXecNayqX9JmMEiGn9R","action":"Normal GetUpdate request", "result":"", "context":cV=wzDgXecNayqX9JmMEiGn9R
Refresh requested types: Device Info, User Consents, Send Tab To Self, Encryption Keys}
{"logTime": "0926/121358", "correlationVector":"wzDgXecNayqX9JmMEiGn9R.1","action":"SyncServerConnectionManagerRequest", "result":"SYNC_SERVER_OK", "context":{"environment":"Prod_EastAsia", "server":"GENERAL01000024"}}
{"logTime": "0926/121358", "correlationVector":"wzDgXecNayqX9JmMEiGn9R.2","action":"GetUpdates Response", "result":"SYNCER_OK", "context":Received 0 update(s). cV=wzDgXecNayqX9JmMEiGn9R.0;server=GENERAL01000024;cloudType=Consumer;environment=Prod_EastAsia}
{"logTime": "0926/121358", "correlationVector":"ZlMRfbIPigpzCKXbdMARKp","action":"Normal GetUpdate request", "result":"", "context":cV=ZlMRfbIPigpzCKXbdMARKp
Refresh requested types: Device Info, User Consents, Send Tab To Self, Encryption Keys}
{"logTime": "0926/121358", "correlationVector":"ZlMRfbIPigpzCKXbdMARKp.1","action":"SyncServerConnectionManagerRequest", "result":"SYNC_SERVER_OK", "context":{"environment":"Prod_EastAsia", "server":"GENERAL01000027"}}
{"logTime": "0926/121358", "correlationVector":"ZlMRfbIPigpzCKXbdMARKp.2","action":"GetUpdates Response", "result":"SYNCER_OK", "context":Received 0 update(s). cV=ZlMRfbIPigpzCKXbdMARKp.0;server=GENERAL01000027;cloudType=Consumer;environment=Prod_EastAsia}
